2026-02-26T21:10:42: [32m[Nest] 14644  - [39m26/02/2026, 9:10:42 pm [32m    LOG[39m [38;5;3m[NestFactory] [39m[32mStarting Nest application...[39m
2026-02-26T21:10:42: [32m[Nest] 14644  - [39m26/02/2026, 9:10:42 pm [32m    LOG[39m [38;5;3m[InstanceLoader] [39m[32mTypeOrmModule dependencies initialized[39m[38;5;3m +17ms[39m
2026-02-26T21:10:42: [32m[Nest] 14644  - [39m26/02/2026, 9:10:42 pm [32m    LOG[39m [38;5;3m[InstanceLoader] [39m[32mConfigHostModule dependencies initialized[39m[38;5;3m +1ms[39m
2026-02-26T21:10:42: [32m[Nest] 14644  - [39m26/02/2026, 9:10:42 pm [32m    LOG[39m [38;5;3m[InstanceLoader] [39m[32mAppModule dependencies initialized[39m[38;5;3m +1ms[39m
2026-02-26T21:10:42: [32m[Nest] 14644  - [39m26/02/2026, 9:10:42 pm [32m    LOG[39m [38;5;3m[InstanceLoader] [39m[32mConfigModule dependencies initialized[39m[38;5;3m +0ms[39m
2026-02-26T21:10:42: [32m[Nest] 14644  - [39m26/02/2026, 9:10:42 pm [32m    LOG[39m [38;5;3m[InstanceLoader] [39m[32mTypeOrmCoreModule dependencies initialized[39m[38;5;3m +299ms[39m
2026-02-26T21:10:42: [32m[Nest] 14644  - [39m26/02/2026, 9:10:42 pm [32m    LOG[39m [38;5;3m[InstanceLoader] [39m[32mTypeOrmModule dependencies initialized[39m[38;5;3m +0ms[39m
2026-02-26T21:10:42: [32m[Nest] 14644  - [39m26/02/2026, 9:10:42 pm [32m    LOG[39m [38;5;3m[InstanceLoader] [39m[32mListingsModule dependencies initialized[39m[38;5;3m +1ms[39m
2026-02-26T21:10:42: [32m[Nest] 14644  - [39m26/02/2026, 9:10:42 pm [32m    LOG[39m [38;5;3m[RoutesResolver] [39m[32mAppController {/api}:[39m[38;5;3m +5ms[39m
2026-02-26T21:10:42: [32m[Nest] 14644  - [39m26/02/2026, 9:10:42 pm [32m    LOG[39m [38;5;3m[RouterExplorer] [39m[32mMapped {/api, GET} route[39m[38;5;3m +3ms[39m
2026-02-26T21:10:42: [32m[Nest] 14644  - [39m26/02/2026, 9:10:42 pm [32m    LOG[39m [38;5;3m[RoutesResolver] [39m[32mListingsController {/api/listings}:[39m[38;5;3m +1ms[39m
2026-02-26T21:10:42: [32m[Nest] 14644  - [39m26/02/2026, 9:10:42 pm [32m    LOG[39m [38;5;3m[RouterExplorer] [39m[32mMapped {/api/listings/search, GET} route[39m[38;5;3m +1ms[39m
2026-02-26T21:10:42: [32m[Nest] 14644  - [39m26/02/2026, 9:10:42 pm [32m    LOG[39m [38;5;3m[RouterExplorer] [39m[32mMapped {/api/listings/search/suggest, GET} route[39m[38;5;3m +0ms[39m
2026-02-26T21:10:42: [32m[Nest] 14644  - [39m26/02/2026, 9:10:42 pm [32m    LOG[39m [38;5;3m[RouterExplorer] [39m[32mMapped {/api/listings/search/facets, GET} route[39m[38;5;3m +1ms[39m
2026-02-26T21:10:42: [32m[Nest] 14644  - [39m26/02/2026, 9:10:42 pm [32m    LOG[39m [38;5;3m[RouterExplorer] [39m[32mMapped {/api/listings, GET} route[39m[38;5;3m +0ms[39m
2026-02-26T21:10:42: [32m[Nest] 14644  - [39m26/02/2026, 9:10:42 pm [32m    LOG[39m [38;5;3m[RouterExplorer] [39m[32mMapped {/api/listings/summary, GET} route[39m[38;5;3m +1ms[39m
2026-02-26T21:10:42: [32m[Nest] 14644  - [39m26/02/2026, 9:10:42 pm [32m    LOG[39m [38;5;3m[RouterExplorer] [39m[32mMapped {/api/listings/facets, GET} route[39m[38;5;3m +0ms[39m
2026-02-26T21:10:42: [32m[Nest] 14644  - [39m26/02/2026, 9:10:42 pm [32m    LOG[39m [38;5;3m[RouterExplorer] [39m[32mMapped {/api/listings/:id, GET} route[39m[38;5;3m +1ms[39m
2026-02-26T21:10:42: [32m[Nest] 14644  - [39m26/02/2026, 9:10:42 pm [32m    LOG[39m [38;5;3m[RouterExplorer] [39m[32mMapped {/api/listings/import, POST} route[39m[38;5;3m +1ms[39m
2026-02-26T21:10:42: [32m[Nest] 14644  - [39m26/02/2026, 9:10:42 pm [32m    LOG[39m [38;5;3m[NestApplication] [39m[32mNest application successfully started[39m[38;5;3m +3ms[39m
